Case #1:
c.................................................
..................................................
..................................................
..................................................
..................................................
..................................................
..................................................
..................................................
..................................................
..................................................
..................................................
..................................................
..................................................
..................................................
..................................................
..................................................
..................................................
..................................................
..................................................
..................................................
..................................................
..................................................
..................................................
..................................................
..................................................
..................................................
..................................................
..................................................
..................................................
..................................................
..................................................
..................................................
..................................................
..................................................
..................................................
..................................................
..................................................
..................................................
..................................................
..................................................
..................................................
..................................................
..................................................
..................................................
..................................................
..................................................
..................................................
..................................................
..................................................
..************************************************
Case #2:
c.
..
..
..
..
..
..
..
..
..
..
..
..
..
..
..
..
..
..
..
..
..
..
..
..
..
..
**
**
**
**
**
**
**
**
**
**
**
**
**
**
**
**
**
**
**
**
**
**
**
Case #3:
c..*
...*
..**
****
Case #4:
Impossible
Case #5:
Impossible
Case #6:
c.........................************************
..........................************************
Case #7:
c..
...
...
...
...
...
...
...
...
...
...
...
...
...
...
...
...
...
...
...
...
...
...
...
...
...
...
...
...
...
...
...
...
...
...
...
...
...
...
...
...
...
...
...
...
...
...
...
...
..*
Case #8:
c..
...
...
...
...
...
...
...
..*
..*
..*
..*
..*
..*
..*
..*
..*
..*
..*
..*
..*
..*
..*
..*
..*
..*
..*
..*
..*
..*
..*
..*
..*
..*
..*
..*
..*
..*
..*
..*
..*
..*
..*
..*
..*
..*
..*
..*
..*
..*
Case #9:
c.
..
..
..
..
..
..
..
..
..
..
..
..
..
..
..
..
..
..
..
..
..
..
..
..
..
..
..
**
**
**
**
**
**
**
**
**
**
**
**
**
**
**
**
**
**
**
**
**
**
Case #10:
c.................................................
..................................................
..............................................****
Case #11:
c.................................................
..................................................
..................................................
..................................................
..................................................
..................................................
..................................................
..................................................
..................................................
..................................................
..................................................
..................................................
..................................................
..................................................
..................................................
..................................................
..................................................
..................................................
..................................................
..................................................
..................................................
..................................................
..................................................
..................................................
..................................................
..................................................
..................................................
..................................................
..................................................
..................................................
..................................................
..................................................
..................................................
..................................................
..................................................
..................................................
..................................................
..................................................
..................................................
..................................................
..................................................
..................................................
..................................................
..................................................
..................................................
..................................................
..................................................
..................................................
..................................................
...............................................***
Case #12:
Impossible
Case #13:
c.................................................
..................................................
..................................................
..................................................
..................................................
..................................................
..................................................
..................................................
..................................................
..................................................
..................................................
..................................................
..................................................
..................................................
..................................................
..................................................
..................................................
..................................................
..................................................
..................................................
..................................................
..................................................
..................................................
..................................................
..................................................
..................................................
..................................................
..................................................
..................................................
..................................................
..................................................
..................................................
..................................................
..................................................
..................................................
..................................................
..................................................
..................................................
..................................................
..................................................
..................................................
..................................................
..................................................
..................................................
..................................................
..................................................
..................................................
..................................................
.................................................*
..************************************************
Case #14:
Impossible
Case #15:
c..
...
...
...
...
...
...
...
...
...
...
...
...
...
...
...
...
...
...
...
...
...
...
...
...
...
...
...
...
...
...
...
...
...
...
...
...
...
...
...
...
...
...
...
...
...
..*
..*
..*
..*
Case #16:
c..***********************************************
...***********************************************
..************************************************
**************************************************
**************************************************
**************************************************
**************************************************
**************************************************
**************************************************
**************************************************
**************************************************
**************************************************
**************************************************
**************************************************
**************************************************
**************************************************
**************************************************
**************************************************
**************************************************
**************************************************
**************************************************
**************************************************
**************************************************
**************************************************
**************************************************
**************************************************
**************************************************
**************************************************
**************************************************
**************************************************
**************************************************
**************************************************
**************************************************
**************************************************
**************************************************
**************************************************
**************************************************
**************************************************
**************************************************
**************************************************
**************************************************
**************************************************
**************************************************
**************************************************
**************************************************
**************************************************
**************************************************
**************************************************
**************************************************
**************************************************
Case #17:
Impossible
Case #18:
Impossible
Case #19:
c.................................................
..................................................
..................................................
..................................................
..................................................
..................................................
..................................................
..................................................
..................................................
..................................................
..................................................
..................................................
..................................................
..................................................
..................................................
..................................................
..................................................
..................................................
..................................................
..................................................
..................................................
..................................................
..................................................
..................................................
..................................................
..................................................
..................................................
..................................................
..................................................
..................................................
..................................................
..................................................
..................................................
..................................................
..................................................
..................................................
..................................................
..................................................
..................................................
..................................................
..................................................
..................................................
..................................................
..................................................
..................................................
..................................................
..................................................
..................................................
................................................**
..************************************************
Case #20:
c..***********************************************
...***********************************************
..************************************************
..************************************************
..************************************************
..************************************************
..************************************************
..************************************************
..************************************************
..************************************************
..************************************************
..************************************************
..************************************************
..************************************************
..************************************************
..************************************************
..************************************************
..************************************************
..************************************************
..************************************************
..************************************************
..************************************************
..************************************************
..************************************************
..************************************************
**************************************************
**************************************************
**************************************************
**************************************************
**************************************************
**************************************************
**************************************************
**************************************************
**************************************************
**************************************************
**************************************************
**************************************************
**************************************************
**************************************************
**************************************************
**************************************************
**************************************************
**************************************************
**************************************************
**************************************************
**************************************************
**************************************************
**************************************************
**************************************************
**************************************************
Case #21:
c.................................................
..................................................
..................................................
..................................................
..................................................
..................................................
..................................................
..................................................
..................................................
..................................................
..................................................
..................................................
..................................................
..................................................
..................................................
..................................................
..................................................
..................................................
..................................................
..................................................
..................................................
..................................................
..................................................
..................................................
..................................................
..................................................
..................................................
..................................................
..................................................
..................................................
..................................................
..................................................
..................................................
..................................................
..................................................
..................................................
..................................................
..................................................
..................................................
..................................................
..................................................
..................................................
..................................................
..................................................
..................................................
..................................................
..................................................
..................................................
..............................................****
..************************************************
Case #22:
c.************************************************
..************************************************
**************************************************
**************************************************
**************************************************
**************************************************
**************************************************
**************************************************
**************************************************
**************************************************
**************************************************
**************************************************
**************************************************
**************************************************
**************************************************
**************************************************
**************************************************
**************************************************
**************************************************
**************************************************
**************************************************
**************************************************
**************************************************
**************************************************
**************************************************
**************************************************
**************************************************
**************************************************
**************************************************
**************************************************
**************************************************
**************************************************
**************************************************
**************************************************
**************************************************
**************************************************
**************************************************
**************************************************
**************************************************
**************************************************
**************************************************
**************************************************
**************************************************
**************************************************
**************************************************
**************************************************
**************************************************
**************************************************
**************************************************
**************************************************
Case #23:
Impossible
Case #24:
c.................................................
..................................................
..................................................
Case #25:
c
.
.
.
.
.
.
.
.
.
.
.
.
.
.
.
.
.
.
.
.
.
.
.
.
.
.
.
.
.
.
.
.
.
.
.
.
.
.
.
.
.
.
.
.
.
.
.
.
.
Case #26:
c..***********************************************
...***********************************************
...***********************************************
**************************************************
**************************************************
**************************************************
**************************************************
**************************************************
**************************************************
**************************************************
**************************************************
**************************************************
**************************************************
**************************************************
**************************************************
**************************************************
**************************************************
**************************************************
**************************************************
**************************************************
**************************************************
**************************************************
**************************************************
**************************************************
**************************************************
**************************************************
**************************************************
**************************************************
**************************************************
**************************************************
**************************************************
**************************************************
**************************************************
**************************************************
**************************************************
**************************************************
**************************************************
**************************************************
**************************************************
**************************************************
**************************************************
**************************************************
**************************************************
**************************************************
**************************************************
**************************************************
**************************************************
**************************************************
**************************************************
**************************************************
Case #27:
c.................................................
Case #28:
c.................................................
..................................................
..................................................
..................................................
..................................................
..................................................
..................................................
..................................................
..................................................
..................................................
..................................................
..................................................
..................................................
..................................................
..................................................
..................................................
..................................................
..................................................
..................................................
..................................................
..................................................
..................................................
..................................................
..................................................
..................................................
..................................................
..................................................
..................................................
..................................................
..................................................
..................................................
..................................................
..................................................
..................................................
..................................................
..................................................
..................................................
..................................................
..................................................
..................................................
..................................................
..................................................
..................................................
..................................................
......................................************
..************************************************
..************************************************
..************************************************
..************************************************
..************************************************
Case #29:
c..*
...*
****
****
Case #30:
c.................................................
..................................................
.................................................*
Case #31:
c.................................................
..................................................
....**********************************************
Case #32:
c
.
*
Case #33:
c.................................................
..................................................
..................................................
..................................................
..................................................
..................................................
..................................................
..................................................
..................................................
..................................................
..................................................
..................................................
..................................................
..................................................
..................................................
..................................................
..................................................
..................................................
..................................................
..................................................
..................................................
..................................................
..................................................
..................................................
..................................................
..................................................
..................................................
..................................................
..................................................
..................................................
..................................................
..................................................
..................................................
..................................................
..................................................
..................................................
..................................................
..................................................
..................................................
..................................................
..................................................
..................................................
..................................................
..................................................
.......................................***********
..************************************************
..************************************************
..************************************************
..************************************************
..************************************************
Case #34:
Impossible
Case #35:
c..***********************************************
...***********************************************
..************************************************
..************************************************
**************************************************
**************************************************
**************************************************
**************************************************
**************************************************
**************************************************
**************************************************
**************************************************
**************************************************
**************************************************
**************************************************
**************************************************
**************************************************
**************************************************
**************************************************
**************************************************
**************************************************
**************************************************
**************************************************
**************************************************
**************************************************
**************************************************
**************************************************
**************************************************
**************************************************
**************************************************
**************************************************
**************************************************
**************************************************
**************************************************
**************************************************
**************************************************
**************************************************
**************************************************
**************************************************
**************************************************
**************************************************
**************************************************
**************************************************
**************************************************
**************************************************
**************************************************
**************************************************
**************************************************
**************************************************
**************************************************
Case #36:
c...
....
....
...*
Case #37:
Impossible
Case #38:
c..
...
...
...
...
..*
..*
..*
..*
..*
..*
..*
..*
..*
..*
..*
..*
..*
..*
..*
..*
..*
..*
..*
..*
..*
..*
..*
..*
..*
..*
..*
..*
..*
..*
..*
..*
..*
..*
..*
..*
..*
..*
..*
..*
..*
..*
..*
..*
..*
Case #39:
c..
...
...
...
...
...
..*
..*
..*
..*
..*
..*
..*
..*
..*
..*
..*
..*
..*
..*
..*
..*
..*
..*
..*
..*
..*
..*
..*
..*
..*
..*
..*
..*
..*
..*
..*
..*
..*
..*
..*
..*
..*
..*
..*
..*
..*
..*
..*
..*
Case #40:
c...............................................**
................................................**
Case #41:
Impossible
Case #42:
c..***********************************************
...***********************************************
**************************************************
**************************************************
**************************************************
**************************************************
**************************************************
**************************************************
**************************************************
**************************************************
**************************************************
**************************************************
**************************************************
**************************************************
**************************************************
**************************************************
**************************************************
**************************************************
**************************************************
**************************************************
**************************************************
**************************************************
**************************************************
**************************************************
**************************************************
**************************************************
**************************************************
**************************************************
**************************************************
**************************************************
**************************************************
**************************************************
**************************************************
**************************************************
**************************************************
**************************************************
**************************************************
**************************************************
**************************************************
**************************************************
**************************************************
**************************************************
**************************************************
**************************************************
**************************************************
**************************************************
**************************************************
**************************************************
**************************************************
**************************************************
Case #43:
Impossible
Case #44:
Impossible
Case #45:
Impossible
Case #46:
c.
..
..
..
..
..
..
..
..
..
..
..
..
..
..
..
..
..
..
..
..
..
..
..
..
..
..
..
..
**
**
**
**
**
**
**
**
**
**
**
**
**
**
**
**
**
**
**
**
**
Case #47:
c..*
...*
..**
..**
Case #48:
c......
.......
.......
....***
Case #49:
c................................................*
Case #50:
c...
....
....
....
Case #51:
c.................................................
..................................................
................................................**
Case #52:
c.................................................
..................................................
..************************************************
Case #53:
c..
...
..*
..*
..*
..*
..*
..*
..*
..*
..*
..*
..*
..*
..*
..*
..*
..*
..*
..*
..*
..*
..*
..*
..*
..*
..*
..*
..*
..*
..*
..*
..*
..*
..*
..*
..*
..*
..*
..*
..*
..*
..*
..*
..*
..*
..*
..*
..*
..*
Case #54:
Impossible
Case #55:
Impossible
Case #56:
c..***********************************************
...***********************************************
..************************************************
..************************************************
..************************************************
..************************************************
..************************************************
..************************************************
..************************************************
..************************************************
..************************************************
..************************************************
..************************************************
..************************************************
..************************************************
..************************************************
..************************************************
..************************************************
..************************************************
..************************************************
..************************************************
..************************************************
..************************************************
..************************************************
..************************************************
..************************************************
..************************************************
..************************************************
..************************************************
..************************************************
..************************************************
..************************************************
..************************************************
..************************************************
..************************************************
..************************************************
..************************************************
..************************************************
..************************************************
..************************************************
..************************************************
..************************************************
..************************************************
..************************************************
..************************************************
..************************************************
..************************************************
..************************************************
**************************************************
**************************************************
Case #57:
c..***********************************************
...***********************************************
..************************************************
..************************************************
..************************************************
..************************************************
..************************************************
..************************************************
..************************************************
..************************************************
..************************************************
..************************************************
..************************************************
..************************************************
..************************************************
..************************************************
..************************************************
..************************************************
..************************************************
..************************************************
..************************************************
..************************************************
..************************************************
..************************************************
..************************************************
..************************************************
..************************************************
..************************************************
..************************************************
..************************************************
..************************************************
..************************************************
..************************************************
..************************************************
..************************************************
..************************************************
..************************************************
..************************************************
..************************************************
..************************************************
..************************************************
..************************************************
..************************************************
..************************************************
..************************************************
..************************************************
..************************************************
..************************************************
..************************************************
..************************************************
Case #58:
c...............................................**
Case #59:
c..
...
...
...
..*
..*
..*
..*
..*
..*
..*
..*
..*
..*
..*
..*
..*
..*
..*
..*
..*
..*
..*
..*
..*
..*
..*
..*
..*
..*
..*
..*
..*
..*
..*
..*
..*
..*
..*
..*
..*
..*
..*
..*
..*
..*
..*
..*
..*
..*
Case #60:
Impossible
Case #61:
c.................................................
..................................................
.....*********************************************
Case #62:
Impossible
Case #63:
c.................................................
..................................................
...***********************************************
Case #64:
Impossible
Case #65:
c..
...
...
Case #66:
c...
....
..**
..**
Case #67:
c..***********************************************
Case #68:
c..
...
***
Case #69:
c
.
.
.
.
.
.
.
.
.
.
.
.
.
.
.
.
.
.
.
.
.
.
.
.
.
.
.
.
.
.
.
.
.
.
.
.
.
.
.
.
.
.
.
.
.
.
*
*
*
Case #70:
c.................................................
..................................................
..................................................
..................................................
..................................................
..................................................
..................................................
..................................................
..................................................
..................................................
..................................................
..................................................
..................................................
..................................................
..................................................
..................................................
..................................................
..................................................
..................................................
..................................................
..................................................
..................................................
..................................................
..................................................
..................................................
..................................................
..................................................
..................................................
..................................................
..................................................
..................................................
..................................................
..................................................
..................................................
..................................................
..................................................
..................................................
..................................................
..................................................
..................................................
..................................................
..................................................
..................................................
..................................................
..................................................
..................................................
..................................................
..................................................
..................................................
..................................................
Case #71:
Impossible
Case #72:
c.................................................
..................................................
..................................................
..................................................
..................................................
..................................................
..................................................
..................................................
..................................................
..................................................
..................................................
..................................................
..................................................
..................................................
..................................................
..................................................
..................................................
..................................................
..................................................
..................................................
..................................................
..................................................
..................................................
..................................................
..................................................
..................................................
..................................................
..................................................
..................................................
..................................................
..................................................
..................................................
..................................................
..................................................
..................................................
..................................................
..................................................
..................................................
..................................................
..................................................
..................................................
..................................................
..................................................
..................................................
..................................................
..................................................
..................................................
..................................................
..................................................
................................................**
Case #73:
c................................................*
.................................................*
Case #74:
c..
...
...
..*
..*
..*
..*
..*
..*
..*
..*
..*
..*
..*
..*
..*
..*
..*
..*
..*
..*
..*
..*
..*
..*
..*
..*
..*
..*
..*
..*
..*
..*
..*
..*
..*
..*
..*
..*
..*
..*
..*
..*
..*
..*
..*
..*
..*
..*
..*
Case #75:
c..
...
..*
Case #76:
c
.
.
.
.
.
.
.
.
.
.
.
.
.
.
.
.
.
.
.
.
.
.
.
.
.
.
.
.
.
.
.
.
.
.
.
.
.
.
.
.
.
.
.
.
.
.
.
.
*
Case #77:
c................................................*
.................................................*
...***********************************************
Case #78:
c.................................................
..................................................
......********************************************
Case #79:
c..***********************************************
...***********************************************
..************************************************
..************************************************
..************************************************
..************************************************
..************************************************
..************************************************
..************************************************
..************************************************
..************************************************
..************************************************
..************************************************
..************************************************
..************************************************
..************************************************
..************************************************
..************************************************
..************************************************
..************************************************
..************************************************
..************************************************
..************************************************
..************************************************
**************************************************
**************************************************
**************************************************
**************************************************
**************************************************
**************************************************
**************************************************
**************************************************
**************************************************
**************************************************
**************************************************
**************************************************
**************************************************
**************************************************
**************************************************
**************************************************
**************************************************
**************************************************
**************************************************
**************************************************
**************************************************
**************************************************
**************************************************
**************************************************
**************************************************
**************************************************
Case #80:
Impossible
Case #81:
c...
....
....
..**
Case #82:
Impossible
Case #83:
c..***********************************************
...***********************************************
...***********************************************
..************************************************
..************************************************
..************************************************
..************************************************
..************************************************
..************************************************
..************************************************
..************************************************
..************************************************
..************************************************
..************************************************
..************************************************
..************************************************
..************************************************
..************************************************
..************************************************
..************************************************
..************************************************
..************************************************
..************************************************
..************************************************
..************************************************
..************************************************
..************************************************
..************************************************
..************************************************
..************************************************
..************************************************
..************************************************
..************************************************
..************************************************
..************************************************
..************************************************
..************************************************
..************************************************
..************************************************
..************************************************
..************************************************
..************************************************
..************************************************
..************************************************
..************************************************
..************************************************
..************************************************
..************************************************
**************************************************
**************************************************
Case #84:
c.**
..**
****
****
Case #85:
c.................................................
..................................................
..................................................
..................................................
..................................................
..................................................
..................................................
..................................................
..................................................
..................................................
..................................................
..................................................
..................................................
..................................................
..................................................
..................................................
..................................................
..................................................
..................................................
..................................................
..................................................
..................................................
..................................................
..................................................
..................................................
..................................................
..................................................
..................................................
..................................................
..................................................
..................................................
..................................................
..................................................
..................................................
..................................................
..................................................
..................................................
..................................................
..................................................
..................................................
..................................................
..................................................
..................................................
..................................................
..................................................
..................................................
..................................................
..................................................
...............................................***
..************************************************
Case #86:
Impossible
Case #87:
c..
...
...
...
...
...
...
...
...
...
...
...
...
...
...
...
...
...
...
...
...
...
...
...
...
...
...
...
...
...
...
...
...
...
...
...
...
...
...
...
...
...
...
...
...
...
...
..*
..*
..*
Case #88:
c..
...
...
..*
..*
..*
..*
..*
..*
..*
..*
..*
..*
..*
..*
..*
..*
..*
..*
..*
..*
..*
..*
..*
..*
..*
..*
..*
..*
..*
..*
..*
..*
..*
..*
..*
..*
..*
..*
..*
..*
..*
..*
..*
..*
..*
..*
..*
..*
***
Case #89:
c.................................................
..................................................
..................................................
..................................................
..................................................
..................................................
..................................................
..................................................
..................................................
..................................................
..................................................
..................................................
..................................................
..................................................
..................................................
..................................................
..................................................
..................................................
..................................................
..................................................
..................................................
..................................................
..................................................
..................................................
..................................................
..................................................
..................................................
..................................................
..................................................
..................................................
..................................................
..................................................
..................................................
..................................................
..................................................
..................................................
..................................................
..................................................
..................................................
..................................................
..................................................
..................................................
..................................................
..................................................
........................................**********
..************************************************
..************************************************
..************************************************
..************************************************
..************************************************
Case #90:
c.................................................
..................................................
Case #91:
c.
..
..
..
..
..
..
..
..
..
..
..
..
..
..
..
..
..
..
..
..
..
..
..
..
..
..
..
..
..
..
..
..
..
..
..
..
..
..
..
..
..
..
..
..
..
..
..
..
**
Case #92:
c..***********************************************
...***********************************************
..************************************************
..************************************************
..************************************************
..************************************************
..************************************************
..************************************************
..************************************************
..************************************************
..************************************************
..************************************************
..************************************************
..************************************************
..************************************************
..************************************************
..************************************************
..************************************************
..************************************************
..************************************************
..************************************************
..************************************************
..************************************************
..************************************************
..************************************************
..************************************************
..************************************************
..************************************************
..************************************************
..************************************************
..************************************************
..************************************************
..************************************************
..************************************************
..************************************************
..************************************************
..************************************************
..************************************************
..************************************************
..************************************************
..************************************************
..************************************************
..************************************************
..************************************************
..************************************************
..************************************************
..************************************************
..************************************************
..************************************************
**************************************************
Case #93:
c
.
.
*
*
*
*
*
*
*
*
*
*
*
*
*
*
*
*
*
*
*
*
*
*
*
*
*
*
*
*
*
*
*
*
*
*
*
*
*
*
*
*
*
*
*
*
*
*
*
Case #94:
c.................................................
..................................................
.......*******************************************
Case #95:
c...
....
...*
..**
Case #96:
c..
...
...
...
...
...
...
..*
..*
..*
..*
..*
..*
..*
..*
..*
..*
..*
..*
..*
..*
..*
..*
..*
..*
..*
..*
..*
..*
..*
..*
..*
..*
..*
..*
..*
..*
..*
..*
..*
..*
..*
..*
..*
..*
..*
..*
..*
..*
..*
Case #97:
c..*
...*
...*
..**
Case #98:
c..
...
...
...
...
...
...
...
...
...
...
...
...
...
...
...
...
...
...
...
...
...
...
...
...
...
...
...
...
...
...
...
...
...
...
...
...
...
...
...
...
...
...
...
...
...
...
...
..*
..*
Case #99:
c..*
...*
...*
****
Case #100:
c.................................................
..................................................
........******************************************
Case #101:
c.................................................
..................................................
..................................................
..................................................
..................................................
..................................................
..................................................
..................................................
..................................................
..................................................
..................................................
..................................................
..................................................
..................................................
..................................................
..................................................
..................................................
..................................................
..................................................
..................................................
..................................................
..................................................
..................................................
..................................................
..................................................
..................................................
..................................................
..................................................
..................................................
..................................................
..................................................
..................................................
..................................................
..................................................
..................................................
..................................................
..................................................
..................................................
..................................................
..................................................
..................................................
..................................................
..................................................
..................................................
.........................................*********
..************************************************
..************************************************
..************************************************
..************************************************
..************************************************
Case #102:
c.
..
..
..
..
..
..
..
..
..
..
..
..
..
..
..
..
..
..
..
..
..
..
..
..
..
**
**
**
**
**
**
**
**
**
**
**
**
**
**
**
**
**
**
**
**
**
**
**
**
Case #103:
Impossible
Case #104:
c............................*********************
.............................*********************
Case #105:
c
.
*
*
*
*
*
*
*
*
*
*
*
*
*
*
*
*
*
*
*
*
*
*
*
*
*
*
*
*
*
*
*
*
*
*
*
*
*
*
*
*
*
*
*
*
*
*
*
*
Case #106:
c.................................................
..................................................
..................................................
..................................................
..................................................
..................................................
..................................................
..................................................
..................................................
..................................................
..................................................
..................................................
..................................................
..................................................
..................................................
..................................................
..................................................
..................................................
..................................................
..................................................
..................................................
..................................................
..................................................
..................................................
..................................................
..................................................
..................................................
..................................................
..................................................
..................................................
..................................................
..................................................
..................................................
..................................................
..................................................
..................................................
..................................................
..................................................
..................................................
..................................................
..................................................
..................................................
..................................................
..................................................
..................................................
..................................................
..................................................
..................................................
..................................................
.................................................*
Case #107:
Impossible
Case #108:
c..............................................***
Case #109:
c..
...
...
...
...
...
...
...
...
...
...
...
...
...
...
...
...
...
...
...
...
...
...
...
...
...
...
...
...
...
...
...
...
...
...
...
...
...
...
...
...
...
...
...
...
...
...
...
...
...
Case #110:
c.
..
..
..
..
..
..
..
..
..
..
..
..
..
..
..
..
..
..
..
..
..
..
..
..
..
..
..
..
..
..
..
..
..
..
..
..
..
..
..
..
..
..
..
..
..
..
..
..
..
Case #111:
c
.
.
.
.
.
.
.
.
.
.
.
.
.
.
.
.
.
.
.
.
.
.
.
.
.
.
.
.
.
.
.
.
.
.
.
.
.
.
.
.
.
.
.
.
.
.
.
*
*
Case #112:
c.................................................
..................................................
...............................................***
Case #113:
c.................................................
..................................................
.............................................*****
Case #114:
c***
****
****
****
Case #115:
Impossible
Case #116:
Impossible
Case #117:
c
*
*
*
*
*
*
*
*
*
*
*
*
*
*
*
*
*
*
*
*
*
*
*
*
*
*
*
*
*
*
*
*
*
*
*
*
*
*
*
*
*
*
*
*
*
*
*
*
*
Case #118:
c..*******
...*******
..********
..********
..********
..********
..********
..********
**********
**********
Case #119:
c.************************************************
Case #120:
c..***********************************************
...***********************************************
...***********************************************
..************************************************
..************************************************
..************************************************
..************************************************
..************************************************
..************************************************
..************************************************
..************************************************
..************************************************
..************************************************
..************************************************
..************************************************
..************************************************
..************************************************
..************************************************
..************************************************
..************************************************
..************************************************
..************************************************
..************************************************
..************************************************
..************************************************
..************************************************
..************************************************
..************************************************
..************************************************
..************************************************
..************************************************
..************************************************
..************************************************
..************************************************
..************************************************
..************************************************
..************************************************
..************************************************
..************************************************
..************************************************
..************************************************
..************************************************
..************************************************
..************************************************
..************************************************
..************************************************
..************************************************
..************************************************
..************************************************
**************************************************
Case #121:
c*************************************************
**************************************************
**************************************************
**************************************************
**************************************************
**************************************************
**************************************************
**************************************************
**************************************************
**************************************************
**************************************************
**************************************************
**************************************************
**************************************************
**************************************************
**************************************************
**************************************************
**************************************************
**************************************************
**************************************************
**************************************************
**************************************************
**************************************************
**************************************************
**************************************************
**************************************************
**************************************************
**************************************************
**************************************************
**************************************************
**************************************************
**************************************************
**************************************************
**************************************************
**************************************************
**************************************************
**************************************************
**************************************************
**************************************************
**************************************************
**************************************************
**************************************************
**************************************************
**************************************************
**************************************************
**************************************************
**************************************************
**************************************************
**************************************************
**************************************************
Case #122:
c.*
..*
***
Case #123:
c..***********************************************
...***********************************************
...***********************************************
..************************************************
..************************************************
..************************************************
..************************************************
..************************************************
..************************************************
..************************************************
..************************************************
..************************************************
..************************************************
..************************************************
..************************************************
..************************************************
..************************************************
..************************************************
..************************************************
..************************************************
..************************************************
..************************************************
..************************************************
..************************************************
**************************************************
**************************************************
**************************************************
**************************************************
**************************************************
**************************************************
**************************************************
**************************************************
**************************************************
**************************************************
**************************************************
**************************************************
**************************************************
**************************************************
**************************************************
**************************************************
**************************************************
**************************************************
**************************************************
**************************************************
**************************************************
**************************************************
**************************************************
**************************************************
**************************************************
**************************************************
Case #124:
c**
***
***
Case #125:
c..
...
...
...
...
...
...
...
...
...
...
...
...
...
...
...
...
...
...
...
...
...
...
...
...
...
...
...
...
...
...
...
...
...
...
...
...
...
...
...
...
...
...
...
...
..*
..*
..*
..*
..*
Case #126:
Impossible
Case #127:
c..***********************************************
...***********************************************
...***********************************************
..************************************************
..************************************************
..************************************************
..************************************************
..************************************************
..************************************************
..************************************************
..************************************************
..************************************************
..************************************************
..************************************************
..************************************************
..************************************************
..************************************************
..************************************************
..************************************************
..************************************************
..************************************************
..************************************************
..************************************************
**************************************************
**************************************************
**************************************************
**************************************************
**************************************************
**************************************************
**************************************************
**************************************************
**************************************************
**************************************************
**************************************************
**************************************************
**************************************************
**************************************************
**************************************************
**************************************************
**************************************************
**************************************************
**************************************************
**************************************************
**************************************************
**************************************************
**************************************************
**************************************************
**************************************************
**************************************************
**************************************************
Case #128:
c...........................**********************
............................**********************
Case #129:
Impossible
Case #130:
c..***********************************************
...***********************************************
..************************************************
..************************************************
..************************************************
..************************************************
..************************************************
..************************************************
..************************************************
..************************************************
..************************************************
..************************************************
..************************************************
..************************************************
..************************************************
..************************************************
..************************************************
..************************************************
..************************************************
..************************************************
..************************************************
..************************************************
..************************************************
**************************************************
**************************************************
**************************************************
**************************************************
**************************************************
**************************************************
**************************************************
**************************************************
**************************************************
**************************************************
**************************************************
**************************************************
**************************************************
**************************************************
**************************************************
**************************************************
**************************************************
**************************************************
**************************************************
**************************************************
**************************************************
**************************************************
**************************************************
**************************************************
**************************************************
**************************************************
**************************************************
Case #131:
c.................................................
..................................................
..................................................
..................................................
..................................................
..................................................
..................................................
..................................................
..................................................
..................................................
..................................................
..................................................
..................................................
..................................................
..................................................
..................................................
..................................................
..................................................
..................................................
..................................................
..................................................
..................................................
..................................................
..................................................
..................................................
..................................................
..................................................
..................................................
..................................................
..................................................
..................................................
..................................................
..................................................
..................................................
..................................................
..................................................
..................................................
..................................................
..................................................
..................................................
..................................................
..................................................
..................................................
..................................................
..........................................********
..************************************************
..************************************************
..************************************************
..************************************************
..************************************************
Case #132:
c.
..
..
..
..
..
..
..
..
..
..
..
..
..
..
..
..
..
..
..
..
..
..
..
..
..
..
..
..
..
..
..
..
..
..
..
..
..
..
..
..
..
..
..
..
..
..
..
**
**
Case #133:
c*************************************************
Case #134:
c..........................***********************
...........................***********************
