Case #1: 2
Case #2: 1
Case #3: IMPOSSIBLE
Case #4: 1 2
Case #5: 2 3
Case #6: 1 2 3 4
Case #7: IMPOSSIBLE
Case #8: 342392
Case #9: 1
Case #10: 24678 1653396
Case #11: IMPOSSIBLE
Case #12: 195
Case #13: 5479 1583159 3160839 4738519 6316199 7893879 9471559 11049239 12626919 14204599 15782279 17359959 18937639 20515319 22092999 23670679 25248359 26826039 73
Case #14: IMPOSSIBLE
Case #15: 39 5
Case #16: IMPOSSIBLE
Case #17: 2
Case #18: 679 65783 130887 195991 261095 326199 25
Case #19: 2
Case #20: 1
Case #21: 2 12
Case #22: 85591965318 18915824335158 11086
Case #23: 1 2 3
Case #24: 14 413 812 110
Case #25: 28
Case #26: IMPOSSIBLE
Case #27: 30569572 6450179531 12869789490 19289399449 27838
Case #28: 1 2 3 4 5 6 7 8 9 10 11 12 13 14 15 16 17 18 19 20 21 22 23 24 25 26 27 28 29 30 31 32 33 34 35 36 37 38 39 40 41 42 43 44 45 46 47 48 49 50 51 52 53 54 55 56 57 58 59 60 61 62 63 64 65 66 67 68 69 70 71 72 73 74 75 76 77 78 79 80 81 82 83 84 85 86 87 88 89 90 91 92 93 94 95 96 97 98 99 100
Case #29: 48910552834239 39226263373058958 78403616193283677 117580969013508396 156758321833733115 195935674653957834 235113027474182553 274290380294407272 313467733114631991 352645085934856710
Case #30: IMPOSSIBLE
Case #31: 73686780564
Case #32: IMPOSSIBLE
Case #33: 195
Case #34: IMPOSSIBLE
Case #35: 151937203716006 88275515358999006 176399093514282006 264522671669565006 352646249824848006 7470675050510695
Case #36: 32501556 14463192012 28893882468 43324572924 57755263380 72185953836 86616644292 101047334748 115478025204 129908715660 144339406116 158770096572 410550
Case #37: 73642357 21619
Case #38: IMPOSSIBLE
Case #39: 2
Case #40: 172349769889 60667119000658 121161888231427 181656657462196 2364760
Case #41: 82490349246373 71354152098111862 142625813846977351 213897475595842840 285169137344708329 356440799093573818 427712460842439307 498984122591304796 570255784340170285 641527446089035774 75757158873196
Case #42: IMPOSSIBLE
Case #43: 399899 144363204 288326509 432289814 576253119 720216424 864179729 1008143034 1152106339 1296069644 1440032949 1583996254 1727959559 1871922864 378286
Case #44: IMPOSSIBLE
Case #45: 2
Case #46: IMPOSSIBLE
Case #47: IMPOSSIBLE
Case #48: 10204 4050608 8091012 12131416 16171820 20212224 24252628 28293032 32333436 36373840 40414244 44454648 48495052 52535456 56575860 60616264 64656668 68697072 72737476 76777880 80818284 84858688 88899092 92939496 96979900
Case #49: 6
Case #50: 2 204 406 608 810 1012 1214 1416 1618 1820 2022 2224 2426 2628 2830 3032 3234 3436 3638 3840 4042 4244 4446 4648 4850 5052 5254 5456 5658 5860 6062 6264 6466 6668 6870 7072 7274 7476 7678 7880 8082 8284 8486 8688 8890 9092 9294 9496 9698 9900
Case #51: IMPOSSIBLE
Case #52: 2 3
Case #53: 623749 57384866
Case #54: IMPOSSIBLE
Case #55: 7 4
Case #56: 268822560488 170164680788336 340060539016184 509956397244032 679852255471880 849748113699728 1019643971927576 1189539830155424 1359435688383272 1529331546611120
Case #57: 85216711544 44397906713968 88710596716392 133023286718816 177335976721240 221648666723664 265961356726088 310274046728512 4290
Case #58: 19088744 2309737968
Case #59: 1 2 3 4 5 6 7 8 9 10 11 12 13 14 15 16 17 18 19 20 21 22
Case #60: 2 24 46 68 90
Case #61: 9929566675303 210
Case #62: 334300616285 129708639118274 259082977620263 388457316122252 11768901241460
Case #63: 6
Case #64: IMPOSSIBLE
Case #65: 2 118 234 350 466 582 698 814 930 1046 1162 1278 1394 1510 1626 1742 1858 1974 2090 2206 2322 2438 2554 2670 2786 2902 3018 3134 57
Case #66: 2
Case #67: 1235 56790
Case #68: IMPOSSIBLE
Case #69: IMPOSSIBLE
Case #70: 2057 115162 132
Case #71: 1
Case #72: 103 30406 60709 91012 121315 151618 181921 212224 242527 272830 303133 333436 363739 394042 424345 454648 484951 515254 545557 575860 606163 636466 666769 697072 727375 757678 787981 818284 848587 878890 909193 939496 969799 100
Case #73: IMPOSSIBLE
Case #74: 123456790
Case #75: 195
Case #76: 2 154 306 458 610 762 914 1066 1218 1370 1522 1674 1826 1978 2130 2282 2434 2586 2738 2890 3042 3194 3346 3498 3650 3802 3954 4106 4258 4410 4562 4714 4866 5018 5170 5322 5474 75
Case #77: IMPOSSIBLE
Case #78: 145204 15827164 31509124 19
Case #79: IMPOSSIBLE
Case #80: IMPOSSIBLE
Case #81: 38689757941039 68187
Case #82: 1
Case #83: 770411 347454936 694139461 1040823986 1387508511 1734193036 2080877561 2427562086 2774246611 3120931136 3467615661 3814300186 4160984711 4507669236 4854353761 5201038286 5547722811 5894407336 91
Case #84: IMPOSSIBLE
Case #85: 641292648260959 750094706746
Case #86: IMPOSSIBLE
Case #87: 168736111880 98710625449280 197252514786680 295794404124080 394336293461480 492878182798880 591420072136280 689961961473680 788503850811080 5402
Case #88: 1
Case #89: 6
Case #90: IMPOSSIBLE
Case #91: 123456790
Case #92: 102030405060709 91011121314151618 181920212223242527 272829303132333436 363738394041424345 454647484950515254 545556575859606163 636465666768697072 727374757677787981 818283848586878890 909192939495969799 100
Case #93: 28
Case #94: 28
Case #95: 1
Case #96: IMPOSSIBLE
Case #97: 1
Case #98: 1 2 3 4 5 6 7 8 9 10 11 12 13 14 15 16 17 18 19 20 21 22 23 24 25 26 27 28 29 30 31 32 33 34 35 36 37 38 39 40 41 42 43 44 45 46 47 48 49 50 51 52 53 54 55 56 57 58 59
Case #99: 1
Case #100: 31972664984 14099945257568 28167917850152 42235890442736 56303863035320 70371835627904 84439808220488
