Case #1: 2
Case #2: 1
Case #3: 1 2
Case #4: 2 3
Case #5: 1 2 3
Case #6: 2
Case #7: 1296932067758066 86814
Case #8: 219858613104206 92120758890662017 184021659168219828 3058187964
Case #9: 2 204 406 608 810 1012 1214 1416 1618 1820 2022 2224 2426 2628 2830 3032 3234 3436 3638 3840 4042 4244 4446 4648 4850 5052 5254 5456 5658 5860 6062 6264 6466 6668 6870 7072 7274 7476 7678 7880 8082 8284 8486 8688 8890 9092 9294 9496 9698 9900
Case #10: 102 29805 59508 89211 118914 148617 178320 208023 237726 267429 297132 326835 356538 386241 415944 445647 475350 505053 534756 564459 594162 623865 653568 683271 712974 742677 772380 802083 831786 861489 891192 920895 950598
Case #11: 35754151 7794404750 15553055349 23311705948 948192
Case #12: 103 30406 60709 91012 121315 151618 181921 212224 242527 272830 303133 333436 363739 394042 424345 454648 484951 515254 545557 575860 606163 636466 666769 697072 727375 757678 787981 818284 848587 878890 909193 939496 969799 100
Case #13: 686364327 105700106286
Case #14: 304572680614 79493469640094 8061899436
Case #15: 1 2 3 4
Case #16: 1
Case #17: 7108942234 4585267740335 9163426538436 13741585336537 18319744134638 22897902932739 27476061730840 32054220528941 36632379327042 41210538125143 45788696923244 50366855721345 54945014519446 8556
Case #18: 2853116706
Case #19: 23025033437 9601438942877 19179852852317 28758266761757 38336680671197 47915094580637 386181267
Case #20: 1
Case #21: 1
Case #22: 28
Case #23: 1250999896492 52720
Case #24: 1
Case #25: 4903 1338263 2671623 4004983 5338343 6671703 8005063 9338423 10671783 12005143 13338503 14671863 16005223 17338583 18671943 20005303 21338663 69
Case #26: 6
Case #27: 580558676069 418582805445093 836585052214117 1254587298983141 1672589545752165 2090591792521189 2508594039290213 2926596286059237 3344598532828261 3762600779597285 4180603026366309 736918
Case #28: 1 2 3 4 5 6 7 8 9 10 11 12 13 14 15 16 17 18 19 20 21 22 23 24 25 26 27 28 29 30 31 32 33 34 35 36 37 38 39 40 41 42
Case #29: 1
Case #30: 1 2 3 4 5 6 7 8 9 10 11 12 13 14 15 16 17 18 19 20 21
Case #31: 2
Case #32: 525045 207917450 415309855 622702260 830094665 1037487070 1244879475 1452271880 1659664285 1867056690 2074449095 2281841500 2489233905 2696626310 2904018715 3111411120
Case #33: 1
Case #34: 103480286068387 29905802673763699 25
Case #35: 39416153192 18013182008352 35986947863512 53960713718672 71934479573832 89908245428992 107882011284152 3306
Case #36: 342392
Case #37: 804182707 332931640334 665059097961 997186555588 1329314013215 1661441470842 1993568928469 2325696386096 12304740
Case #38: 1
Case #39: 74566 6785452 52720
Case #40: 342392
Case #41: 42799 8
Case #42: 268822560488 170164680788336 340060539016184 509956397244032 679852255471880 849748113699728 1019643971927576 1189539830155424 1359435688383272 1529331546611120
Case #43: 2275868114179 1070439
Case #44: 2 96 190 284 378 472 566 660 754 848 942 1036 1130 1224 1318 1412 1506 1600 1694 1788 1882 1976 2070
Case #45: 1 2 3 4 5 6 7 8 9 10 11 12 13 14 15 16 17 18 19 20 21 22 23 24 25 26 27 28 29 30 31 32 33 34 35 36 37 38 39 40 41 42 43 44 45 46 47 48 49 50 51 52 53 54 55 56 57 58 59 60 61 62 63 64 65 66 67 68 69 70 71 72 73 74 75
Case #46: 14424015005 5553245776605 11092067538205 16630889299805 22169711061405 27708532823005 49
Case #47: 1
Case #48: 1
Case #49: 3183 210038 29778
Case #50: 65 11786 23507 35228 46949 58670 70391 82112 93833 105554 117275 128996 140717 152438 164159 175880 187601 199322 211043 222764 3782
Case #51: 18923044006 180266892895
Case #52: 947656709 228385266693 455822876677 22040660860
Case #53: 2 100 198 296 394 492 590 688 786 884 982 1080 1178 1276 1374 1472 1570 1668 1766 1864 1962 2060 2158 2256
Case #54: 44131407446 40035
Case #55: 2 12
Case #56: 40 4261 8482 12703 16924 21145 25366 29587 33808 38029 42250 46471 37
Case #57: 8304 558
Case #58: 45323715237 13098553703286 26151783691335 1090937298
Case #59: 6
Case #60: 386182716893 259900968468381 519415754219869 778930539971357 1038445325722845 1297960111474333 1557474897225821 1816989682977309 2076504468728797 2336019254480285 4226393715
Case #61: 2
Case #62: 6539 562294 1118049 5166
Case #63: 7903319332 5208287439179 10408671559026 15609055678873 20809439798720 26009823918567 31210208038414 36410592158261 41610976278108 46811360397955 52011744517802 57212128637649 62412512757496 78860355
Case #64: 19088744 2309737968
Case #65: 1
Case #66: 2
Case #67: 6053445
Case #68: 86 21005 41924 62843 83762 104681 125600 146519 167438 188357 209276 230195 251114 272033 292952 313871 334790 355709 376628 397547 418466 439385 460304 481223 502142 523061 543980 6806
Case #69: 2
Case #70: 1 2 3 4 5 6 7 8 9 10 11 12 13 14 15 16 17 18 19 20 21 22 23 24 25 26 27 28 29 30 31 32 33 34 35 36 37 38 39 40 41 42 43 44 45 46 47 48 49 50 51 52 53 54 55 56 57 58 59 60 61 62 63 64 65 66 67 68 69
Case #71: 1235 56790
Case #72: 28
Case #73: 780142688 181773246136 362766349584 604177170
Case #74: 7 4
Case #75: 5094148 1411078756 2817063364 4223047972 5629032580 7035017188 8441001796 209510349
Case #76: 623749 57384866
Case #77: 7666974012885 4699855069897974 9392043165783063 14084231261668152 18776419357553241 23468607453438330 28160795549323419 100006342734
Case #78: 10204 4050608 8091012 12131416 16171820 20212224 24252628 28293032 32333436 36373840 40414244 44454648 48495052 52535456 56575860 60616264 64656668 68697072 72737476 76777880 80818284 84858688 88899092 92939496 96979900
Case #79: 2 116 230 344 458 572 686 800 914 1028 1142 1256 1370 1484 1598 1712 1826 1940 2054 2168 2282 2396 2510 2624 2738 2852 2966 3080
Case #80: 123456790
Case #81: 1171591994634 364365110330964 727558628667294 992
Case #82: 641292648260959 750094706746
Case #83: 1068783500053 491640410024002 982212036547951 1472783663071900 1963355289595849 907517350636
Case #84: 1 2 3 4 5 6 7 8 9 10 11 12 13 14 15 16 17 18 19 20 21 22 23 24 25 26 27 28 29 30 31 32 33 34 35 36 37 38 39 40 41 42 43 44 45 46 47 48 49 50 51 52 53 54 55 56 57 58 59 60 61 62 63 64 65 66 67 68 69 70 71 72 73 74 75 76 77 78 79 80 81 82 83 84 85 86 87 88 89 90 91 92 93 94 95 96 97 98 99 100
Case #85: 6
Case #86: 22876
Case #87: 4993965105 1038744741714 149920104
Case #88: 55576742002714 28399715163386444 56743853584770174 85087992006153904 113432130427537634 2652
Case #89: 20 941 1862 2783 3704 272
Case #90: 623372926 244985559575 489347746224 733709932873 978072119522 1222434306171 1466796492820 1711158679469 57
Case #91: 1 2 3 4 5 6 7 8 9 10 11 12 13 14 15 16 17 18 19 20 21 22
Case #92: 2 114 226 338 450 562 674 786 898 1010 1122 1234 1346 1458 1570 1682 1794 1906 2018 2130 2242 2354 2466 2578 2690 2802 2914 55
Case #93: 1
Case #94: 1
Case #95: 6245760880693 3716227724011822 7426209687142951 11136191650274080 14846173613405209 18556155576536338 22266137539667467 19239787
Case #96: 579 51459 102339 153219 204099 11086
Case #97: 1
Case #98: 1
Case #99: 28
Case #100: 102030405060709 91011121314151618 181920212223242527 272829303132333436 363738394041424345 454647484950515254 545556575859606163 636465666768697072 727374757677787981 818283848586878890 909192939495969799 100
